# JRE version: Java(TM) SE Runtime Environment (8.0_191-b12) (build 1.8.0_191-b12)
# Java VM: Java HotSpot(TM) 64-Bit Server VM (25.191-b12 mixed mode windows-amd64 compressed oops)
Heap:
 PSYoungGen      total 2765312K, used 1399387K [0x0000000715b80000, 0x00000007c0000000, 0x00000007c0000000)
  eden space 2761216K, 50% used [0x0000000715b80000,0x000000076ae1d1d8,0x00000007be400000)
  from space 4096K, 99% used [0x00000007bfc00000,0x00000007bfff9ab0,0x00000007c0000000)
  to   space 14336K, 0% used [0x00000007be400000,0x00000007be400000,0x00000007bf200000)
 ParOldGen       total 250368K, used 70234K [0x00000005c1200000, 0x00000005d0680000, 0x0000000715b80000)
  object space 250368K, 28% used [0x00000005c1200000,0x00000005c5696950,0x00000005d0680000)
 Metaspace       used 44568K, capacity 46588K, committed 46848K, reserved 1089536K
  class space    used 5645K, capacity 6574K, committed 6656K, reserved 1048576K
GC Heap History (10 events):
Event: 226.445 GC heap before
{Heap before GC invocations=188 (full 2):
 PSYoungGen      total 2421248K, used 2416640K [0x0000000715b80000, 0x00000007c0000000, 0x00000007c0000000)
  eden space 2416128K, 100% used [0x0000000715b80000,0x00000007a9300000,0x00000007a9300000)
  from space 5120K, 10% used [0x00000007a9300000,0x00000007a9380000,0x00000007a9800000)
  to   space 5120K, 0% used [0x00000007bfb00000,0x00000007bfb00000,0x00000007c0000000)
 ParOldGen       total 250368K, used 44347K [0x00000005c1200000, 0x00000005d0680000, 0x0000000715b80000)
  object space 250368K, 17% used [0x00000005c1200000,0x00000005c3d4ef08,0x00000005d0680000)
 Metaspace       used 36855K, capacity 38710K, committed 39040K, reserved 1083392K
  class space    used 4577K, capacity 5463K, committed 5504K, reserved 1048576K
Event: 226.446 GC heap after
Heap after GC invocations=188 (full 2):
 PSYoungGen      total 2783744K, used 416K [0x0000000715b80000, 0x00000007bff00000, 0x00000007c0000000)
  eden space 2779648K, 0% used [0x0000000715b80000,0x0000000715b80000,0x00000007bf600000)
  from space 4096K, 10% used [0x00000007bfb00000,0x00000007bfb68000,0x00000007bff00000)
  to   space 4608K, 0% used [0x00000007bf600000,0x00000007bf600000,0x00000007bfa80000)
 ParOldGen       total 250368K, used 44403K [0x00000005c1200000, 0x00000005d0680000, 0x0000000715b80000)
  object space 250368K, 17% used [0x00000005c1200000,0x00000005c3d5cf08,0x00000005d0680000)
 Metaspace       used 36855K, capacity 38710K, committed 39040K, reserved 1083392K
  class space    used 4577K, capacity 5463K, committed 5504K, reserved 1048576K
}
Event: 226.461 GC heap before
{Heap before GC invocations=189 (full 2):
 PSYoungGen      total 2783744K, used 2780064K [0x0000000715b80000, 0x00000007bff00000, 0x00000007c0000000)
  eden space 2779648K, 100% used [0x0000000715b80000,0x00000007bf600000,0x00000007bf600000)
  from space 4096K, 10% used [0x00000007bfb00000,0x00000007bfb68000,0x00000007bff00000)
  to   space 4608K, 0% used [0x00000007bf600000,0x00000007bf600000,0x00000007bfa80000)
 ParOldGen       total 250368K, used 44403K [0x00000005c1200000, 0x00000005d0680000, 0x0000000715b80000)
  object space 250368K, 17% used [0x00000005c1200000,0x00000005c3d5cf08,0x00000005d0680000)
 Metaspace       used 36855K, capacity 38710K, committed 39040K, reserved 1083392K
  class space    used 4577K, capacity 5463K, committed 5504K, reserved 1048576K
Event: 226.462 GC heap after
Heap after GC invocations=189 (full 2):
 PSYoungGen      total 2784256K, used 416K [0x0000000715b80000, 0x00000007c0000000, 0x00000007c0000000)
  eden space 2779648K, 0% used [0x0000000715b80000,0x0000000715b80000,0x00000007bf600000)
  from space 4608K, 9% used [0x00000007bf600000,0x00000007bf668000,0x00000007bfa80000)
  to   space 4608K, 0% used [0x00000007bfb80000,0x00000007bfb80000,0x00000007c0000000)
 ParOldGen       total 250368K, used 44443K [0x00000005c1200000, 0x00000005d0680000, 0x0000000715b80000)
  object space 250368K, 17% used [0x00000005c1200000,0x00000005c3d66f08,0x00000005d0680000)
 Metaspace       used 36855K, capacity 38710K, committed 39040K, reserved 1083392K
  class space    used 4577K, capacity 5463K, committed 5504K, reserved 1048576K
}
Event: 226.477 GC heap before
{Heap before GC invocations=190 (full 2):
 PSYoungGen      total 2784256K, used 2780064K [0x0000000715b80000, 0x00000007c0000000, 0x00000007c0000000)
  eden space 2779648K, 100% used [0x0000000715b80000,0x00000007bf600000,0x00000007bf600000)
  from space 4608K, 9% used [0x00000007bf600000,0x00000007bf668000,0x00000007bfa80000)
  to   space 4608K, 0% used [0x00000007bfb80000,0x00000007bfb80000,0x00000007c0000000)
 ParOldGen       total 250368K, used 44443K [0x00000005c1200000, 0x00000005d0680000, 0x0000000715b80000)
  object space 250368K, 17% used [0x00000005c1200000,0x00000005c3d66f08,0x00000005d0680000)
 Metaspace       used 36855K, capacity 38710K, committed 39040K, reserved 1083392K
  class space    used 4577K, capacity 5463K, committed 5504K, reserved 1048576K
Event: 226.478 GC heap after
Heap after GC invocations=190 (full 2):
 PSYoungGen      total 2784256K, used 448K [0x0000000715b80000, 0x00000007bff00000, 0x00000007c0000000)
  eden space 2780672K, 0% used [0x0000000715b80000,0x0000000715b80000,0x00000007bf700000)
  from space 3584K, 12% used [0x00000007bfb80000,0x00000007bfbf0000,0x00000007bff00000)
  to   space 4096K, 0% used [0x00000007bf700000,0x00000007bf700000,0x00000007bfb00000)
 ParOldGen       total 250368K, used 44483K [0x00000005c1200000, 0x00000005d0680000, 0x0000000715b80000)
  object space 250368K, 17% used [0x00000005c1200000,0x00000005c3d70f08,0x00000005d0680000)
 Metaspace       used 36855K, capacity 38710K, committed 39040K, reserved 1083392K
  class space    used 4577K, capacity 5463K, committed 5504K, reserved 1048576K
}
Event: 226.494 GC heap before
{Heap before GC invocations=191 (full 2):
 PSYoungGen      total 2784256K, used 2781120K [0x0000000715b80000, 0x00000007bff00000, 0x00000007c0000000)
  eden space 2780672K, 100% used [0x0000000715b80000,0x00000007bf700000,0x00000007bf700000)
  from space 3584K, 12% used [0x00000007bfb80000,0x00000007bfbf0000,0x00000007bff00000)
  to   space 4096K, 0% used [0x00000007bf700000,0x00000007bf700000,0x00000007bfb00000)
 ParOldGen       total 250368K, used 44483K [0x00000005c1200000, 0x00000005d0680000, 0x0000000715b80000)
  object space 250368K, 17% used [0x00000005c1200000,0x00000005c3d70f08,0x00000005d0680000)
 Metaspace       used 36855K, capacity 38710K, committed 39040K, reserved 1083392K
  class space    used 4577K, capacity 5463K, committed 5504K, reserved 1048576K
Event: 226.495 GC heap after
Heap after GC invocations=191 (full 2):
 PSYoungGen      total 2784768K, used 416K [0x0000000715b80000, 0x00000007c0000000, 0x00000007c0000000)
  eden space 2780672K, 0% used [0x0000000715b80000,0x0000000715b80000,0x00000007bf700000)
  from space 4096K, 10% used [0x00000007bf700000,0x00000007bf768000,0x00000007bfb00000)
  to   space 4096K, 0% used [0x00000007bfc00000,0x00000007bfc00000,0x00000007c0000000)
 ParOldGen       total 250368K, used 44539K [0x00000005c1200000, 0x00000005d0680000, 0x0000000715b80000)
  object space 250368K, 17% used [0x00000005c1200000,0x00000005c3d7ef08,0x00000005d0680000)
 Metaspace       used 36855K, capacity 38710K, committed 39040K, reserved 1083392K
  class space    used 4577K, capacity 5463K, committed 5504K, reserved 1048576K
}
Event: 229.434 GC heap before
{Heap before GC invocations=192 (full 2):
 PSYoungGen      total 2784768K, used 2781088K [0x0000000715b80000, 0x00000007c0000000, 0x00000007c0000000)
  eden space 2780672K, 100% used [0x0000000715b80000,0x00000007bf700000,0x00000007bf700000)
  from space 4096K, 10% used [0x00000007bf700000,0x00000007bf768000,0x00000007bfb00000)
  to   space 4096K, 0% used [0x00000007bfc00000,0x00000007bfc00000,0x00000007c0000000)
 ParOldGen       total 250368K, used 44539K [0x00000005c1200000, 0x00000005d0680000, 0x0000000715b80000)
  object space 250368K, 17% used [0x00000005c1200000,0x00000005c3d7ef08,0x00000005d0680000)
 Metaspace       used 42640K, capacity 44684K, committed 44928K, reserved 1087488K
  class space    used 5499K, capacity 6436K, committed 6528K, reserved 1048576K
Event: 229.442 GC heap after
Heap after GC invocations=192 (full 2):
 PSYoungGen      total 2765312K, used 4070K [0x0000000715b80000, 0x00000007c0000000, 0x00000007c0000000)
  eden space 2761216K, 0% used [0x0000000715b80000,0x0000000715b80000,0x00000007be400000)
  from space 4096K, 99% used [0x00000007bfc00000,0x00000007bfff9ab0,0x00000007c0000000)
  to   space 14336K, 0% used [0x00000007be400000,0x00000007be400000,0x00000007bf200000)
 ParOldGen       total 250368K, used 70234K [0x00000005c1200000, 0x00000005d0680000, 0x0000000715b80000)
  object space 250368K, 28% used [0x00000005c1200000,0x00000005c5696950,0x00000005d0680000)
 Metaspace       used 42640K, capacity 44684K, committed 44928K, reserved 1087488K
  class space    used 5499K, capacity 6436K, committed 6528K, reserved 1048576K
}

